\BOOKMARK [1][-]{section*.1}{\376\377\000A\000b\000s\000t\000r\000a\000c\000t}{}% 1
\BOOKMARK [1][-]{section.1}{\376\377\0001\000\040\000I\000n\000t\000r\000o\000d\000u\000c\000t\000i\000o\000n}{}% 2
\BOOKMARK [1][-]{section.2}{\376\377\0002\000\040\000B\000a\000c\000k\000g\000r\000o\000u\000n\000d}{}% 3
\BOOKMARK [2][-]{subsection.2.1}{\376\377\0002\000.\0001\000\040\000T\000h\000e\000\040\000E\000M\000L\000\040\000O\000p\000e\000r\000a\000t\000o\000r}{section.2}% 4
\BOOKMARK [2][-]{subsection.2.2}{\376\377\0002\000.\0002\000\040\000T\000h\000e\000\040\000T\000r\000a\000n\000s\000f\000o\000r\000m\000e\000r\000\040\000A\000r\000c\000h\000i\000t\000e\000c\000t\000u\000r\000e}{section.2}% 5
\BOOKMARK [2][-]{subsection.2.3}{\376\377\0002\000.\0003\000\040\000T\000h\000e\000\040\000P\000o\000w\000e\000r\000\040\000A\000l\000g\000o\000r\000i\000t\000h\000m\000\040\000a\000n\000d\000\040\000M\000o\000n\000o\000i\000d\000s}{section.2}% 6
\BOOKMARK [1][-]{section.3}{\376\377\0003\000\040\000P\000y\000t\000h\000o\000n\000\040\000P\000r\000o\000o\000f\000-\000o\000f\000-\000C\000o\000n\000c\000e\000p\000t}{}% 7
\BOOKMARK [2][-]{subsection.3.1}{\376\377\0003\000.\0001\000\040\000I\000m\000p\000l\000e\000m\000e\000n\000t\000a\000t\000i\000o\000n}{section.3}% 8
\BOOKMARK [2][-]{subsection.3.2}{\376\377\0003\000.\0002\000\040\000C\000a\000l\000l\000-\000C\000o\000u\000n\000t\000\040\000I\000n\000s\000t\000r\000u\000m\000e\000n\000t\000a\000t\000i\000o\000n}{section.3}% 9
\BOOKMARK [2][-]{subsection.3.3}{\376\377\0003\000.\0003\000\040\000V\000e\000r\000i\000f\000i\000c\000a\000t\000i\000o\000n}{section.3}% 10
\BOOKMARK [1][-]{section.4}{\376\377\0004\000\040\000A\000l\000g\000e\000b\000r\000a\000i\000c\000\040\000O\000p\000t\000i\000m\000i\000z\000a\000t\000i\000o\000n\000:\000\040\000S\000t\000e\000p\000a\000n\000o\000v\000'\000s\000\040\000I\000n\000s\000i\000g\000h\000t}{}% 11
\BOOKMARK [2][-]{subsection.4.1}{\376\377\0004\000.\0001\000\040\000W\000h\000y\000\040\000t\000h\000e\000\040\000P\000o\000w\000e\000r\000\040\000A\000l\000g\000o\000r\000i\000t\000h\000m\000\040\000L\000o\000s\000e\000s\000\040\000t\000o\000\040\000E\000M\000L}{section.4}% 12
\BOOKMARK [2][-]{subsection.4.2}{\376\377\0004\000.\0002\000\040\000W\000h\000e\000r\000e\000\040\000S\000t\000e\000p\000a\000n\000o\000v\000'\000s\000\040\000I\000n\000s\000i\000g\000h\000t\000\040\000D\000o\000e\000s\000\040\000A\000p\000p\000l\000y}{section.4}% 13
\BOOKMARK [1][-]{section.5}{\376\377\0005\000\040\000T\000h\000e\000\040\000E\000m\000i\000l\000i\000o\000\040\000I\000n\000f\000e\000r\000e\000n\000c\000e\000\040\000E\000n\000g\000i\000n\000e}{}% 14
\BOOKMARK [2][-]{subsection.5.1}{\376\377\0005\000.\0001\000\040\000A\000r\000c\000h\000i\000t\000e\000c\000t\000u\000r\000e}{section.5}% 15
\BOOKMARK [2][-]{subsection.5.2}{\376\377\0005\000.\0002\000\040\000A\000u\000t\000o\000E\000M\000L\000:\000\040\000A\000u\000t\000o\000n\000o\000m\000o\000u\000s\000\040\000K\000e\000r\000n\000e\000l\000\040\000O\000p\000t\000i\000m\000i\000z\000a\000t\000i\000o\000n}{section.5}% 16
\BOOKMARK [2][-]{subsection.5.3}{\376\377\0005\000.\0003\000\040\000C\000u\000m\000u\000l\000a\000t\000i\000v\000e\000\040\000R\000e\000s\000u\000l\000t\000s}{section.5}% 17
\BOOKMARK [2][-]{subsection.5.4}{\376\377\0005\000.\0004\000\040\000F\000r\000o\000m\000\040\000K\000e\000r\000n\000e\000l\000\040\000t\000o\000\040\000I\000n\000f\000e\000r\000e\000n\000c\000e}{section.5}% 18
\BOOKMARK [2][-]{subsection.5.5}{\376\377\0005\000.\0005\000\040\000I\000n\000f\000e\000r\000e\000n\000c\000e\000\040\000R\000e\000s\000u\000l\000t\000s}{section.5}% 19
\BOOKMARK [1][-]{section.6}{\376\377\0006\000\040\000C\000o\000m\000p\000i\000l\000e\000d\000\040\000M\000o\000d\000e\000l\000\040\000F\000o\000r\000m\000a\000t\000s}{}% 20
\BOOKMARK [2][-]{subsection.6.1}{\376\377\0006\000.\0001\000\040\000E\000M\000L\000\040\000v\0001\000:\000\040\000P\000r\000e\000c\000o\000m\000p\000u\000t\000e\000d\000\040\000C\000o\000m\000p\000l\000e\000x\0006\0004}{section.6}% 21
\BOOKMARK [2][-]{subsection.6.2}{\376\377\0006\000.\0002\000\040\000E\000M\000L\000\040\000v\0002\000:\000\040\000S\000i\000g\000n\000+\000M\000a\000g\000n\000i\000t\000u\000d\000e\000\040\000w\000i\000t\000h\000\040\000F\000u\000s\000i\000o\000n\000\040\000a\000n\000d\000\040\000P\000r\000u\000n\000i\000n\000g}{section.6}% 22
\BOOKMARK [1][-]{section.7}{\376\377\0007\000\040\000R\000e\000p\000r\000o\000d\000u\000c\000t\000i\000o\000n}{}% 23
\BOOKMARK [2][-]{subsection.7.1}{\376\377\0007\000.\0001\000\040\000B\000u\000i\000l\000d\000\040\000t\000h\000e\000\040\000R\000u\000s\000t\000\040\000E\000n\000g\000i\000n\000e}{section.7}% 24
\BOOKMARK [2][-]{subsection.7.2}{\376\377\0007\000.\0002\000\040\000D\000o\000w\000n\000l\000o\000a\000d\000\040\000t\000h\000e\000\040\000M\000o\000d\000e\000l}{section.7}% 25
\BOOKMARK [2][-]{subsection.7.3}{\376\377\0007\000.\0003\000\040\000R\000u\000n\000\040\000I\000n\000f\000e\000r\000e\000n\000c\000e\000\040\000f\000r\000o\000m\000\040\000G\000G\000U\000F}{section.7}% 26
\BOOKMARK [2][-]{subsection.7.4}{\376\377\0007\000.\0004\000\040\000C\000o\000m\000p\000i\000l\000e\000\040\000t\000o\000\040\000E\000M\000L\000\040\000v\0001\000\040\000F\000o\000r\000m\000a\000t}{section.7}% 27
\BOOKMARK [2][-]{subsection.7.5}{\376\377\0007\000.\0005\000\040\000C\000o\000m\000p\000i\000l\000e\000\040\000t\000o\000\040\000E\000M\000L\000\040\000v\0002\000\040\000F\000o\000r\000m\000a\000t}{section.7}% 28
\BOOKMARK [2][-]{subsection.7.6}{\376\377\0007\000.\0006\000\040\000R\000u\000n\000\040\000I\000n\000f\000e\000r\000e\000n\000c\000e\000\040\000f\000r\000o\000m\000\040\000C\000o\000m\000p\000i\000l\000e\000d\000\040\000E\000M\000L}{section.7}% 29
\BOOKMARK [2][-]{subsection.7.7}{\376\377\0007\000.\0007\000\040\000R\000u\000n\000\040\000K\000e\000r\000n\000e\000l\000\040\000B\000e\000n\000c\000h\000m\000a\000r\000k\000s}{section.7}% 30
\BOOKMARK [2][-]{subsection.7.8}{\376\377\0007\000.\0008\000\040\000R\000u\000n\000\040\000t\000h\000e\000\040\000P\000y\000t\000h\000o\000n\000\040\000B\000e\000n\000c\000h\000m\000a\000r\000k\000s}{section.7}% 31
\BOOKMARK [2][-]{subsection.7.9}{\376\377\0007\000.\0009\000\040\000C\000o\000m\000p\000a\000r\000e\000\040\000A\000l\000l\000\040\000T\000h\000r\000e\000e\000\040\000P\000a\000t\000h\000s}{section.7}% 32
\BOOKMARK [1][-]{section.8}{\376\377\0008\000\040\000D\000i\000s\000c\000u\000s\000s\000i\000o\000n}{}% 33
\BOOKMARK [1][-]{section.9}{\376\377\0009\000\040\000R\000e\000l\000a\000t\000e\000d\000\040\000W\000o\000r\000k}{}% 34
\BOOKMARK [1][-]{section.10}{\376\377\0001\0000\000\040\000C\000o\000n\000c\000l\000u\000s\000i\000o\000n}{}% 35
\BOOKMARK [1][-]{section*.37}{\376\377\000R\000e\000f\000e\000r\000e\000n\000c\000e\000s}{}% 36
